0 info it worked if it ends with ok
1 verbose cli [ '/Users/xiaoyan/.nvm/versions/node/v6.3.0/bin/node',
1 verbose cli   '/Users/xiaoyan/.nvm/versions/node/v6.3.0/bin/npm',
1 verbose cli   'run',
1 verbose cli   'dev:test' ]
2 info using npm@3.10.3
3 info using node@v6.3.0
4 verbose run-script [ 'predev:test', 'dev:test', 'postdev:test' ]
5 info lifecycle webpack-react-redux-es6-boilerplate@1.0.0~predev:test: webpack-react-redux-es6-boilerplate@1.0.0
6 silly lifecycle webpack-react-redux-es6-boilerplate@1.0.0~predev:test: no script for predev:test, continuing
7 info lifecycle webpack-react-redux-es6-boilerplate@1.0.0~dev:test: webpack-react-redux-es6-boilerplate@1.0.0
8 verbose lifecycle webpack-react-redux-es6-boilerplate@1.0.0~dev:test: unsafe-perm in lifecycle true
9 verbose lifecycle webpack-react-redux-es6-boilerplate@1.0.0~dev:test: PATH: /Users/xiaoyan/.nvm/versions/node/v6.3.0/lib/node_modules/npm/bin/node-gyp-bin:/Users/xiaoyan/working/webpack-react-redux-es6-boilerplate/node_modules/.bin:/Users/xiaoyan/.nvm/versions/node/v6.3.0/bin:/Users/xiaoyan/.nvm/versions/node/v6.3.0/bin:/usr/local/bin:/usr/bin:/bin:/usr/sbin:/sbin:/usr/local/nginx:/usr/local/mysql/bin
10 verbose lifecycle webpack-react-redux-es6-boilerplate@1.0.0~dev:test: CWD: /Users/xiaoyan/working/webpack-react-redux-es6-boilerplate
11 silly lifecycle webpack-react-redux-es6-boilerplate@1.0.0~dev:test: Args: [ '-c',
11 silly lifecycle   'NODE_ENV=development node build/webpack.dev.js --hot --deploy' ]
12 silly lifecycle webpack-react-redux-es6-boilerplate@1.0.0~dev:test: Returned: code: 1  signal: null
13 info lifecycle webpack-react-redux-es6-boilerplate@1.0.0~dev:test: Failed to exec dev:test script
14 verbose stack Error: webpack-react-redux-es6-boilerplate@1.0.0 dev:test: `NODE_ENV=development node build/webpack.dev.js --hot --deploy`
14 verbose stack Exit status 1
14 verbose stack     at EventEmitter.<anonymous> (/Users/xiaoyan/.nvm/versions/node/v6.3.0/lib/node_modules/npm/lib/utils/lifecycle.js:242:16)
14 verbose stack     at emitTwo (events.js:106:13)
14 verbose stack     at EventEmitter.emit (events.js:191:7)
14 verbose stack     at ChildProcess.<anonymous> (/Users/xiaoyan/.nvm/versions/node/v6.3.0/lib/node_modules/npm/lib/utils/spawn.js:40:14)
14 verbose stack     at emitTwo (events.js:106:13)
14 verbose stack     at ChildProcess.emit (events.js:191:7)
14 verbose stack     at maybeClose (internal/child_process.js:852:16)
14 verbose stack     at Process.ChildProcess._handle.onexit (internal/child_process.js:215:5)
15 verbose pkgid webpack-react-redux-es6-boilerplate@1.0.0
16 verbose cwd /Users/xiaoyan/working/webpack-react-redux-es6-boilerplate
17 error Darwin 14.5.0
18 error argv "/Users/xiaoyan/.nvm/versions/node/v6.3.0/bin/node" "/Users/xiaoyan/.nvm/versions/node/v6.3.0/bin/npm" "run" "dev:test"
19 error node v6.3.0
20 error npm  v3.10.3
21 error code ELIFECYCLE
22 error webpack-react-redux-es6-boilerplate@1.0.0 dev:test: `NODE_ENV=development node build/webpack.dev.js --hot --deploy`
22 error Exit status 1
23 error Failed at the webpack-react-redux-es6-boilerplate@1.0.0 dev:test script 'NODE_ENV=development node build/webpack.dev.js --hot --deploy'.
23 error Make sure you have the latest version of node.js and npm installed.
23 error If you do, this is most likely a problem with the webpack-react-redux-es6-boilerplate package,
23 error not with npm itself.
23 error Tell the author that this fails on your system:
23 error     NODE_ENV=development node build/webpack.dev.js --hot --deploy
23 error You can get information on how to open an issue for this project with:
23 error     npm bugs webpack-react-redux-es6-boilerplate
23 error Or if that isn't available, you can get their info via:
23 error     npm owner ls webpack-react-redux-es6-boilerplate
23 error There is likely additional logging output above.
24 verbose exit [ 1, true ]
